<?xml version="1.0" encoding="UTF-8"?>
<testng-results ignored="0" total="1" passed="1" failed="0" skipped="0">
  <reporter-output>
  </reporter-output>
  <suite started-at="2024-12-19T16:19:50 IST" name="Default suite" finished-at="2024-12-19T16:19:58 IST" duration-ms="7696">
    <groups>
    </groups>
    <test started-at="2024-12-19T16:19:50 IST" name="Default test" finished-at="2024-12-19T16:19:58 IST" duration-ms="7696">
      <class name="NewScripts.Testcase1">
        <test-method signature="launch()[pri:0, instance:NewScripts.Testcase1@47faa49c]" started-at="2024-12-19T16:19:50 IST" name="launch" finished-at="2024-12-19T16:19:58 IST" duration-ms="7647" status="PASS">
          <reporter-output>
          </reporter-output>
        </test-method> <!-- launch -->
      </class> <!-- NewScripts.Testcase1 -->
    </test> <!-- Default test -->
  </suite> <!-- Default suite -->
</testng-results>
